2020-09-25T19:02:54: Connected to MongoDB at mongodb://localhost:27017/sked_checker?authSource=admin.
2020-09-25T19:02:54: Connected to Redis at url 127.0.0.1, cache flushed.
2020-09-25T19:02:54: Created new queue with NaN delay
2020-09-25T19:02:54: Created job 'senateCommittee' recurring at */30 * * * *.
2020-09-25T19:02:54: Created job 'senateCommittee' recurring at */30 * * * *.
2020-09-25T19:02:54: Created job 'senateCommittee' recurring at */30 * * * *.
2020-09-25T19:02:54: Created job 'senateCommittee' recurring at */30 * * * *.
2020-09-25T19:02:54: Created job 'senateCommittee' recurring at */30 * * * *.
2020-09-25T19:02:54: Created job 'senateCommittee' recurring at */30 * * * *.
2020-09-25T19:02:54: Created job 'senateCommittee' recurring at */30 * * * *.
2020-09-25T19:02:54: Created job 'senateCommittee' recurring at */30 * * * *.
2020-09-25T19:02:54: Created job 'senateCommittee' recurring at */30 * * * *.
2020-09-25T19:02:54: Created job 'senateCommittee' recurring at */30 * * * *.
2020-09-25T19:02:54: Created job 'senateCommittee' recurring at */30 * * * *.
2020-09-25T19:02:54: Created job 'senateCommittee' recurring at */30 * * * *.
2020-09-25T19:02:54: Created job 'senateCommittee' recurring at */30 * * * *.
2020-09-25T19:02:54: Created job 'senateCommittee' recurring at */30 * * * *.
2020-09-25T19:02:54: Created job 'senateCommittee' recurring at */30 * * * *.
2020-09-25T19:02:54: Created job 'senateCommittee' recurring at */30 * * * *.
2020-09-25T19:02:54: Created job 'senateCommittee' recurring at */30 * * * *.
2020-09-25T19:02:54: Created job 'senateCommittee' recurring at */30 * * * *.
2020-09-25T19:02:54: Created job 'senateCommittee' recurring at */30 * * * *.
2020-09-25T19:02:54: Created job 'senateCommittee' recurring at */30 * * * *.
2020-09-25T19:02:54: Created job 'senateCommittee' recurring at */30 * * * *.
2020-09-25T19:02:54: Created job 'houseCommittee' recurring at */30 * * * *.
2020-09-25T19:02:54: Created job 'houseCommittee' recurring at */30 * * * *.
2020-09-25T19:02:54: Created job 'houseCommittee' recurring at */30 * * * *.
2020-09-25T19:02:54: Created job 'houseCommittee' recurring at */30 * * * *.
2020-09-25T19:02:54: Created job 'houseCommittee' recurring at */30 * * * *.
2020-09-25T19:02:54: Created job 'houseCommittee' recurring at */30 * * * *.
2020-09-25T19:02:54: Created job 'houseCommittee' recurring at */30 * * * *.
2020-09-25T19:02:54: Created job 'houseCommittee' recurring at */30 * * * *.
2020-09-25T19:02:54: Created job 'houseCommittee' recurring at */30 * * * *.
2020-09-25T19:02:54: Created job 'houseCommittee' recurring at */30 * * * *.
2020-09-25T19:02:54: Created job 'houseCommittee' recurring at */30 * * * *.
2020-09-25T19:02:54: Created job 'houseCommittee' recurring at */30 * * * *.
2020-09-25T19:02:54: Created job 'houseCommittee' recurring at */30 * * * *.
2020-09-25T19:02:54: Created job 'houseCommittee' recurring at */30 * * * *.
2020-09-25T19:02:54: Created job 'houseCommittee' recurring at */30 * * * *.
2020-09-25T19:02:54: Created job 'houseCommittee' recurring at */30 * * * *.
2020-09-25T19:02:54: Created job 'houseCommittee' recurring at */30 * * * *.
2020-09-25T19:02:54: Created job 'houseCommittee' recurring at */30 * * * *.
2020-09-25T19:02:54: Created job 'houseCommittee' recurring at */30 * * * *.
2020-09-25T19:02:54: Created job 'houseCommittee' recurring at */30 * * * *.
2020-09-25T19:02:54: Created job 'houseCommittee' recurring at */30 * * * *.
2020-09-25T19:02:54: Created job 'houseCommittee' recurring at */30 * * * *.
2020-09-25T19:02:54: Created job 'houseCommittee' recurring at */30 * * * *.
2020-09-25T19:02:54: Created job 'houseCommittee' recurring at */30 * * * *.
2020-09-25T19:02:54: Created job 'houseCommittee' recurring at */30 * * * *.
2020-09-25T19:02:54: Created job 'houseCommittee' recurring at */30 * * * *.
2020-09-25T19:02:54: Created job 'houseCommittee' recurring at */30 * * * *.
2020-09-25T19:02:54: Created job 'houseCommittee' recurring at */30 * * * *.
2020-09-25T19:02:54: Created job 'houseCommittee' recurring at */30 * * * *.
2020-09-25T19:02:54: Created job 'houseCommittee' recurring at */30 * * * *.
2020-09-25T19:02:54: Created job 'houseCommittee' recurring at */30 * * * *.
2020-09-25T19:02:54: Created job 'houseCommittee' recurring at */30 * * * *.
2020-09-25T19:02:54: Created job 'houseCommittee' recurring at */30 * * * *.
2020-09-25T19:02:54: Created job 'houseCommittee' recurring at */30 * * * *.
2020-09-25T19:02:54: All job producers created.
2020-09-25T19:02:54: Queue successfully established.
2020-09-25T19:02:54: Setup successful.
